cd lib; make LOCALINCL="../include/" \
		CC="gcc -std=c99" \
		CFLAGS="-DUNIXV7  -DASCIIKEYINFO -DFSYNCKEYS -DBSD -DHOSTTMPNAMES -DSAVETMPFILES -DTERMCAP -DLINUX -D_BSD_SOURCE -D_DEFAULT_SOURCE -DTERMSIM -DGCC -DFILELOCKING -DFLOCK -DMEMSET -g -Wall -Wextra -Wno-implicit-fallthrough -Wsign-conversion -Wmissing-prototypes " \
		LDFLAGS="-g" \
		RANLIB="ranlib"
gcc -std=c99 -DUNIXV7  -DASCIIKEYINFO -DFSYNCKEYS -DBSD -DHOSTTMPNAMES -DSAVETMPFILES -DTERMCAP -DLINUX -D_BSD_SOURCE -D_DEFAULT_SOURCE -DTERMSIM -DGCC -DFILELOCKING -DFLOCK -DMEMSET -g -Wall -Wextra -Wno-implicit-fallthrough -Wsign-conversion -Wmissing-prototypes  -I../include/ -c getlong.c
gcc -std=c99 -DUNIXV7  -DASCIIKEYINFO -DFSYNCKEYS -DBSD -DHOSTTMPNAMES -DSAVETMPFILES -DTERMCAP -DLINUX -D_BSD_SOURCE -D_DEFAULT_SOURCE -DTERMSIM -DGCC -DFILELOCKING -DFLOCK -DMEMSET -g -Wall -Wextra -Wno-implicit-fallthrough -Wsign-conversion -Wmissing-prototypes  -I../include/ -c getshort.c
gcc -std=c99 -DUNIXV7  -DASCIIKEYINFO -DFSYNCKEYS -DBSD -DHOSTTMPNAMES -DSAVETMPFILES -DTERMCAP -DLINUX -D_BSD_SOURCE -D_DEFAULT_SOURCE -DTERMSIM -DGCC -DFILELOCKING -DFLOCK -DMEMSET -g -Wall -Wextra -Wno-implicit-fallthrough -Wsign-conversion -Wmissing-prototypes  -I../include/ -c intss.c
gcc -std=c99 -DUNIXV7  -DASCIIKEYINFO -DFSYNCKEYS -DBSD -DHOSTTMPNAMES -DSAVETMPFILES -DTERMCAP -DLINUX -D_BSD_SOURCE -D_DEFAULT_SOURCE -DTERMSIM -DGCC -DFILELOCKING -DFLOCK -DMEMSET -g -Wall -Wextra -Wno-implicit-fallthrough -Wsign-conversion -Wmissing-prototypes  -I../include/ -c putlong.c
gcc -std=c99 -DUNIXV7  -DASCIIKEYINFO -DFSYNCKEYS -DBSD -DHOSTTMPNAMES -DSAVETMPFILES -DTERMCAP -DLINUX -D_BSD_SOURCE -D_DEFAULT_SOURCE -DTERMSIM -DGCC -DFILELOCKING -DFLOCK -DMEMSET -g -Wall -Wextra -Wno-implicit-fallthrough -Wsign-conversion -Wmissing-prototypes  -I../include/ -c putshort.c
gcc -std=c99 -DUNIXV7  -DASCIIKEYINFO -DFSYNCKEYS -DBSD -DHOSTTMPNAMES -DSAVETMPFILES -DTERMCAP -DLINUX -D_BSD_SOURCE -D_DEFAULT_SOURCE -DTERMSIM -DGCC -DFILELOCKING -DFLOCK -DMEMSET -g -Wall -Wextra -Wno-implicit-fallthrough -Wsign-conversion -Wmissing-prototypes  -I../include/ -c delay.c
gcc -std=c99 -DUNIXV7  -DASCIIKEYINFO -DFSYNCKEYS -DBSD -DHOSTTMPNAMES -DSAVETMPFILES -DTERMCAP -DLINUX -D_BSD_SOURCE -D_DEFAULT_SOURCE -DTERMSIM -DGCC -DFILELOCKING -DFLOCK -DMEMSET -g -Wall -Wextra -Wno-implicit-fallthrough -Wsign-conversion -Wmissing-prototypes  -I../include/ -c empty.c
gcc -std=c99 -DUNIXV7  -DASCIIKEYINFO -DFSYNCKEYS -DBSD -DHOSTTMPNAMES -DSAVETMPFILES -DTERMCAP -DLINUX -D_BSD_SOURCE -D_DEFAULT_SOURCE -DTERMSIM -DGCC -DFILELOCKING -DFLOCK -DMEMSET -g -Wall -Wextra -Wno-implicit-fallthrough -Wsign-conversion -Wmissing-prototypes  -I../include/ -c move.c
gcc -std=c99 -DUNIXV7  -DASCIIKEYINFO -DFSYNCKEYS -DBSD -DHOSTTMPNAMES -DSAVETMPFILES -DTERMCAP -DLINUX -D_BSD_SOURCE -D_DEFAULT_SOURCE -DTERMSIM -DGCC -DFILELOCKING -DFLOCK -DMEMSET -g -Wall -Wextra -Wno-implicit-fallthrough -Wsign-conversion -Wmissing-prototypes  -I../include/ -c fill.c
gcc -std=c99 -DUNIXV7  -DASCIIKEYINFO -DFSYNCKEYS -DBSD -DHOSTTMPNAMES -DSAVETMPFILES -DTERMCAP -DLINUX -D_BSD_SOURCE -D_DEFAULT_SOURCE -DTERMSIM -DGCC -DFILELOCKING -DFLOCK -DMEMSET -g -Wall -Wextra -Wno-implicit-fallthrough -Wsign-conversion -Wmissing-prototypes  -I../include/ -c mygethostname.c
gcc -std=c99 -DUNIXV7  -DASCIIKEYINFO -DFSYNCKEYS -DBSD -DHOSTTMPNAMES -DSAVETMPFILES -DTERMCAP -DLINUX -D_BSD_SOURCE -D_DEFAULT_SOURCE -DTERMSIM -DGCC -DFILELOCKING -DFLOCK -DMEMSET -g -Wall -Wextra -Wno-implicit-fallthrough -Wsign-conversion -Wmissing-prototypes  -I../include/ -c fatal.c
mv libtmp.a ,libtmp.a
ar r libtmp.a getlong.o getshort.o intss.o putlong.o putshort.o delay.o empty.o move.o fill.o  mygethostname.o fatal.o
ranlib libtmp.a
cd ff3; make LOCALINCL="../include/" \
		CC="gcc -std=c99" \
		ETC="/usr/local/lib/e" \
		CFLAGS="-DUNIXV7  -DASCIIKEYINFO -DFSYNCKEYS -DBSD -DHOSTTMPNAMES -DSAVETMPFILES -DTERMCAP -DLINUX -D_BSD_SOURCE -D_DEFAULT_SOURCE -DTERMSIM -DGCC -DFILELOCKING -DFLOCK -g -Wall -Wextra -Wno-implicit-fallthrough -Wsign-conversion -Wmissing-prototypes " \
		LDFLAGS="-g" \
		RANLIB="ranlib"
gcc -std=c99 -DUNIXV7  -DASCIIKEYINFO -DFSYNCKEYS -DBSD -DHOSTTMPNAMES -DSAVETMPFILES -DTERMCAP -DLINUX -D_BSD_SOURCE -D_DEFAULT_SOURCE -DTERMSIM -DGCC -DFILELOCKING -DFLOCK -g -Wall -Wextra -Wno-implicit-fallthrough -Wsign-conversion -Wmissing-prototypes  -DMEMSET -I. -I../include/ -c open.c
mv open.o o/open.o
gcc -std=c99 -DUNIXV7  -DASCIIKEYINFO -DFSYNCKEYS -DBSD -DHOSTTMPNAMES -DSAVETMPFILES -DTERMCAP -DLINUX -D_BSD_SOURCE -D_DEFAULT_SOURCE -DTERMSIM -DGCC -DFILELOCKING -DFLOCK -g -Wall -Wextra -Wno-implicit-fallthrough -Wsign-conversion -Wmissing-prototypes  -DMEMSET -I. -I../include/ -c close.c
mv close.o o/close.o
gcc -std=c99 -DUNIXV7  -DASCIIKEYINFO -DFSYNCKEYS -DBSD -DHOSTTMPNAMES -DSAVETMPFILES -DTERMCAP -DLINUX -D_BSD_SOURCE -D_DEFAULT_SOURCE -DTERMSIM -DGCC -DFILELOCKING -DFLOCK -g -Wall -Wextra -Wno-implicit-fallthrough -Wsign-conversion -Wmissing-prototypes  -DMEMSET -I. -I../include/ -c fd.c
mv fd.o o/fd.o
gcc -std=c99 -DUNIXV7  -DASCIIKEYINFO -DFSYNCKEYS -DBSD -DHOSTTMPNAMES -DSAVETMPFILES -DTERMCAP -DLINUX -D_BSD_SOURCE -D_DEFAULT_SOURCE -DTERMSIM -DGCC -DFILELOCKING -DFLOCK -g -Wall -Wextra -Wno-implicit-fallthrough -Wsign-conversion -Wmissing-prototypes  -DMEMSET -I. -I../include/ -c free.c
mv free.o o/free.o
gcc -std=c99 -DUNIXV7  -DASCIIKEYINFO -DFSYNCKEYS -DBSD -DHOSTTMPNAMES -DSAVETMPFILES -DTERMCAP -DLINUX -D_BSD_SOURCE -D_DEFAULT_SOURCE -DTERMSIM -DGCC -DFILELOCKING -DFLOCK -g -Wall -Wextra -Wno-implicit-fallthrough -Wsign-conversion -Wmissing-prototypes  -DMEMSET -I. -I../include/ -c getc.c
mv getc.o o/getc.o
gcc -std=c99 -DUNIXV7  -DASCIIKEYINFO -DFSYNCKEYS -DBSD -DHOSTTMPNAMES -DSAVETMPFILES -DTERMCAP -DLINUX -D_BSD_SOURCE -D_DEFAULT_SOURCE -DTERMSIM -DGCC -DFILELOCKING -DFLOCK -g -Wall -Wextra -Wno-implicit-fallthrough -Wsign-conversion -Wmissing-prototypes  -DMEMSET -I. -I../include/ -c grow.c
mv grow.o o/grow.o
gcc -std=c99 -DUNIXV7  -DASCIIKEYINFO -DFSYNCKEYS -DBSD -DHOSTTMPNAMES -DSAVETMPFILES -DTERMCAP -DLINUX -D_BSD_SOURCE -D_DEFAULT_SOURCE -DTERMSIM -DGCC -DFILELOCKING -DFLOCK -g -Wall -Wextra -Wno-implicit-fallthrough -Wsign-conversion -Wmissing-prototypes  -DMEMSET -I. -I../include/ -c pos.c
mv pos.o o/pos.o
gcc -std=c99 -DUNIXV7  -DASCIIKEYINFO -DFSYNCKEYS -DBSD -DHOSTTMPNAMES -DSAVETMPFILES -DTERMCAP -DLINUX -D_BSD_SOURCE -D_DEFAULT_SOURCE -DTERMSIM -DGCC -DFILELOCKING -DFLOCK -g -Wall -Wextra -Wno-implicit-fallthrough -Wsign-conversion -Wmissing-prototypes  -DMEMSET -I. -I../include/ -c putc.c
mv putc.o o/putc.o
gcc -std=c99 -DUNIXV7  -DASCIIKEYINFO -DFSYNCKEYS -DBSD -DHOSTTMPNAMES -DSAVETMPFILES -DTERMCAP -DLINUX -D_BSD_SOURCE -D_DEFAULT_SOURCE -DTERMSIM -DGCC -DFILELOCKING -DFLOCK -g -Wall -Wextra -Wno-implicit-fallthrough -Wsign-conversion -Wmissing-prototypes  -DMEMSET -I. -I../include/ -c read.c
mv read.o o/read.o
gcc -std=c99 -DUNIXV7  -DASCIIKEYINFO -DFSYNCKEYS -DBSD -DHOSTTMPNAMES -DSAVETMPFILES -DTERMCAP -DLINUX -D_BSD_SOURCE -D_DEFAULT_SOURCE -DTERMSIM -DGCC -DFILELOCKING -DFLOCK -g -Wall -Wextra -Wno-implicit-fallthrough -Wsign-conversion -Wmissing-prototypes  -DMEMSET -I. -I../include/ -c seek.c
mv seek.o o/seek.o
gcc -std=c99 -DUNIXV7  -DASCIIKEYINFO -DFSYNCKEYS -DBSD -DHOSTTMPNAMES -DSAVETMPFILES -DTERMCAP -DLINUX -D_BSD_SOURCE -D_DEFAULT_SOURCE -DTERMSIM -DGCC -DFILELOCKING -DFLOCK -g -Wall -Wextra -Wno-implicit-fallthrough -Wsign-conversion -Wmissing-prototypes  -DMEMSET -I. -I../include/ -c size.c
mv size.o o/size.o
gcc -std=c99 -DUNIXV7  -DASCIIKEYINFO -DFSYNCKEYS -DBSD -DHOSTTMPNAMES -DSAVETMPFILES -DTERMCAP -DLINUX -D_BSD_SOURCE -D_DEFAULT_SOURCE -DTERMSIM -DGCC -DFILELOCKING -DFLOCK -g -Wall -Wextra -Wno-implicit-fallthrough -Wsign-conversion -Wmissing-prototypes  -DMEMSET -I. -I../include/ -c sync.c
mv sync.o o/sync.o
gcc -std=c99 -DUNIXV7  -DASCIIKEYINFO -DFSYNCKEYS -DBSD -DHOSTTMPNAMES -DSAVETMPFILES -DTERMCAP -DLINUX -D_BSD_SOURCE -D_DEFAULT_SOURCE -DTERMSIM -DGCC -DFILELOCKING -DFLOCK -g -Wall -Wextra -Wno-implicit-fallthrough -Wsign-conversion -Wmissing-prototypes  -DMEMSET -I. -I../include/ -c flush.c
mv flush.o o/flush.o
gcc -std=c99 -DUNIXV7  -DASCIIKEYINFO -DFSYNCKEYS -DBSD -DHOSTTMPNAMES -DSAVETMPFILES -DTERMCAP -DLINUX -D_BSD_SOURCE -D_DEFAULT_SOURCE -DTERMSIM -DGCC -DFILELOCKING -DFLOCK -g -Wall -Wextra -Wno-implicit-fallthrough -Wsign-conversion -Wmissing-prototypes  -DMEMSET -I. -I../include/ -c sort.c
mv sort.o o/sort.o
gcc -std=c99 -DUNIXV7  -DASCIIKEYINFO -DFSYNCKEYS -DBSD -DHOSTTMPNAMES -DSAVETMPFILES -DTERMCAP -DLINUX -D_BSD_SOURCE -D_DEFAULT_SOURCE -DTERMSIM -DGCC -DFILELOCKING -DFLOCK -g -Wall -Wextra -Wno-implicit-fallthrough -Wsign-conversion -Wmissing-prototypes  -DMEMSET -I. -I../include/ -c write.c
mv write.o o/write.o
gcc -std=c99 -DUNIXV7  -DASCIIKEYINFO -DFSYNCKEYS -DBSD -DHOSTTMPNAMES -DSAVETMPFILES -DTERMCAP -DLINUX -D_BSD_SOURCE -D_DEFAULT_SOURCE -DTERMSIM -DGCC -DFILELOCKING -DFLOCK -g -Wall -Wextra -Wno-implicit-fallthrough -Wsign-conversion -Wmissing-prototypes  -DMEMSET -I. -I../include/ -c point.c
mv point.o o/point.o
ar r libff.a o/open.o o/close.o o/fd.o o/free.o o/getc.o o/grow.o o/pos.o o/putc.o o/read.o o/seek.o o/size.o o/sync.o o/flush.o o/sort.o o/write.o o/point.o ../lib/move.o ../lib/fill.o
ranlib libff.a
cd la1; make LOCALINCL="../include/" \
		CC="gcc -std=c99" \
		DEFS="-DUNIXV7  -DASCIIKEYINFO -DFSYNCKEYS -DBSD -DHOSTTMPNAMES -DSAVETMPFILES -DTERMCAP -DLINUX -D_BSD_SOURCE -D_DEFAULT_SOURCE -DTERMSIM -DGCC -DFILELOCKING -DFLOCK -g -Wall -Wextra -Wno-implicit-fallthrough -Wsign-conversion -Wmissing-prototypes " \
		LDFL="-g" \
		RANLIB="ranlib"
gcc -std=c99 -g  -DUNIXV7  -DASCIIKEYINFO -DFSYNCKEYS -DBSD -DHOSTTMPNAMES -DSAVETMPFILES -DTERMCAP -DLINUX -D_BSD_SOURCE -D_DEFAULT_SOURCE -DTERMSIM -DGCC -DFILELOCKING -DFLOCK -g -Wall -Wextra -Wno-implicit-fallthrough -Wsign-conversion -Wmissing-prototypes  -I. -I../ff3/ -I../include/  -c laopen.c ; mv laopen.o o/
gcc -std=c99 -g  -DUNIXV7  -DASCIIKEYINFO -DFSYNCKEYS -DBSD -DHOSTTMPNAMES -DSAVETMPFILES -DTERMCAP -DLINUX -D_BSD_SOURCE -D_DEFAULT_SOURCE -DTERMSIM -DGCC -DFILELOCKING -DFLOCK -g -Wall -Wextra -Wno-implicit-fallthrough -Wsign-conversion -Wmissing-prototypes  -I. -I../ff3/ -I../include/  -c laalign.c ; mv laalign.o o/
gcc -std=c99 -g  -DUNIXV7  -DASCIIKEYINFO -DFSYNCKEYS -DBSD -DHOSTTMPNAMES -DSAVETMPFILES -DTERMCAP -DLINUX -D_BSD_SOURCE -D_DEFAULT_SOURCE -DTERMSIM -DGCC -DFILELOCKING -DFLOCK -g -Wall -Wextra -Wno-implicit-fallthrough -Wsign-conversion -Wmissing-prototypes  -I. -I../ff3/ -I../include/  -c lablank.c ; mv lablank.o o/
gcc -std=c99 -g  -DUNIXV7  -DASCIIKEYINFO -DFSYNCKEYS -DBSD -DHOSTTMPNAMES -DSAVETMPFILES -DTERMCAP -DLINUX -D_BSD_SOURCE -D_DEFAULT_SOURCE -DTERMSIM -DGCC -DFILELOCKING -DFLOCK -g -Wall -Wextra -Wno-implicit-fallthrough -Wsign-conversion -Wmissing-prototypes  -I. -I../ff3/ -I../include/  -c labsize.c ; mv labsize.o o/
gcc -std=c99 -g  -DUNIXV7  -DASCIIKEYINFO -DFSYNCKEYS -DBSD -DHOSTTMPNAMES -DSAVETMPFILES -DTERMCAP -DLINUX -D_BSD_SOURCE -D_DEFAULT_SOURCE -DTERMSIM -DGCC -DFILELOCKING -DFLOCK -g -Wall -Wextra -Wno-implicit-fallthrough -Wsign-conversion -Wmissing-prototypes  -I. -I../ff3/ -I../include/  -c laclseek.c ; mv laclseek.o o/
gcc -std=c99 -g  -DUNIXV7  -DASCIIKEYINFO -DFSYNCKEYS -DBSD -DHOSTTMPNAMES -DSAVETMPFILES -DTERMCAP -DLINUX -D_BSD_SOURCE -D_DEFAULT_SOURCE -DTERMSIM -DGCC -DFILELOCKING -DFLOCK -g -Wall -Wextra -Wno-implicit-fallthrough -Wsign-conversion -Wmissing-prototypes  -I. -I../ff3/ -I../include/  -c ladeb.c ; mv ladeb.o o/
gcc -std=c99 -g  -DUNIXV7  -DASCIIKEYINFO -DFSYNCKEYS -DBSD -DHOSTTMPNAMES -DSAVETMPFILES -DTERMCAP -DLINUX -D_BSD_SOURCE -D_DEFAULT_SOURCE -DTERMSIM -DGCC -DFILELOCKING -DFLOCK -g -Wall -Wextra -Wno-implicit-fallthrough -Wsign-conversion -Wmissing-prototypes  -I. -I../ff3/ -I../include/  -c laerr.c ; mv laerr.o o/
gcc -std=c99 -g  -DUNIXV7  -DASCIIKEYINFO -DFSYNCKEYS -DBSD -DHOSTTMPNAMES -DSAVETMPFILES -DTERMCAP -DLINUX -D_BSD_SOURCE -D_DEFAULT_SOURCE -DTERMSIM -DGCC -DFILELOCKING -DFLOCK -g -Wall -Wextra -Wno-implicit-fallthrough -Wsign-conversion -Wmissing-prototypes  -I. -I../ff3/ -I../include/  -c lafrpl.c ; mv lafrpl.o o/
gcc -std=c99 -g  -DUNIXV7  -DASCIIKEYINFO -DFSYNCKEYS -DBSD -DHOSTTMPNAMES -DSAVETMPFILES -DTERMCAP -DLINUX -D_BSD_SOURCE -D_DEFAULT_SOURCE -DTERMSIM -DGCC -DFILELOCKING -DFLOCK -g -Wall -Wextra -Wno-implicit-fallthrough -Wsign-conversion -Wmissing-prototypes  -I. -I../ff3/ -I../include/  -c lalcnt.c ; mv lalcnt.o o/
gcc -std=c99 -g  -DUNIXV7  -DASCIIKEYINFO -DFSYNCKEYS -DBSD -DHOSTTMPNAMES -DSAVETMPFILES -DTERMCAP -DLINUX -D_BSD_SOURCE -D_DEFAULT_SOURCE -DTERMSIM -DGCC -DFILELOCKING -DFLOCK -g -Wall -Wextra -Wno-implicit-fallthrough -Wsign-conversion -Wmissing-prototypes  -I. -I../ff3/ -I../include/  -c lalcopy.c ; mv lalcopy.o o/
gcc -std=c99 -g  -DUNIXV7  -DASCIIKEYINFO -DFSYNCKEYS -DBSD -DHOSTTMPNAMES -DSAVETMPFILES -DTERMCAP -DLINUX -D_BSD_SOURCE -D_DEFAULT_SOURCE -DTERMSIM -DGCC -DFILELOCKING -DFLOCK -g -Wall -Wextra -Wno-implicit-fallthrough -Wsign-conversion -Wmissing-prototypes  -I. -I../ff3/ -I../include/  -c lalflush.c ; mv lalflush.o o/
gcc -std=c99 -g  -DUNIXV7  -DASCIIKEYINFO -DFSYNCKEYS -DBSD -DHOSTTMPNAMES -DSAVETMPFILES -DTERMCAP -DLINUX -D_BSD_SOURCE -D_DEFAULT_SOURCE -DTERMSIM -DGCC -DFILELOCKING -DFLOCK -g -Wall -Wextra -Wno-implicit-fallthrough -Wsign-conversion -Wmissing-prototypes  -I. -I../ff3/ -I../include/  -c lalget.c ; mv lalget.o o/
gcc -std=c99 -g  -DUNIXV7  -DASCIIKEYINFO -DFSYNCKEYS -DBSD -DHOSTTMPNAMES -DSAVETMPFILES -DTERMCAP -DLINUX -D_BSD_SOURCE -D_DEFAULT_SOURCE -DTERMSIM -DGCC -DFILELOCKING -DFLOCK -g -Wall -Wextra -Wno-implicit-fallthrough -Wsign-conversion -Wmissing-prototypes  -I. -I../ff3/ -I../include/  -c lalpnt.c ; mv lalpnt.o o/
gcc -std=c99 -g  -DUNIXV7  -DASCIIKEYINFO -DFSYNCKEYS -DBSD -DHOSTTMPNAMES -DSAVETMPFILES -DTERMCAP -DLINUX -D_BSD_SOURCE -D_DEFAULT_SOURCE -DTERMSIM -DGCC -DFILELOCKING -DFLOCK -g -Wall -Wextra -Wno-implicit-fallthrough -Wsign-conversion -Wmissing-prototypes  -I. -I../ff3/ -I../include/  -c lalrpl.c ; mv lalrpl.o o/
gcc -std=c99 -g  -DUNIXV7  -DASCIIKEYINFO -DFSYNCKEYS -DBSD -DHOSTTMPNAMES -DSAVETMPFILES -DTERMCAP -DLINUX -D_BSD_SOURCE -D_DEFAULT_SOURCE -DTERMSIM -DGCC -DFILELOCKING -DFLOCK -g -Wall -Wextra -Wno-implicit-fallthrough -Wsign-conversion -Wmissing-prototypes  -I. -I../ff3/ -I../include/  -c laldel.c ; mv laldel.o o/
gcc -std=c99 -g  -DUNIXV7  -DASCIIKEYINFO -DFSYNCKEYS -DBSD -DHOSTTMPNAMES -DSAVETMPFILES -DTERMCAP -DLINUX -D_BSD_SOURCE -D_DEFAULT_SOURCE -DTERMSIM -DGCC -DFILELOCKING -DFLOCK -g -Wall -Wextra -Wno-implicit-fallthrough -Wsign-conversion -Wmissing-prototypes  -I. -I../ff3/ -I../include/  -c lalcol.c ; mv lalcol.o o/
gcc -std=c99 -g  -DUNIXV7  -DASCIIKEYINFO -DFSYNCKEYS -DBSD -DHOSTTMPNAMES -DSAVETMPFILES -DTERMCAP -DLINUX -D_BSD_SOURCE -D_DEFAULT_SOURCE -DTERMSIM -DGCC -DFILELOCKING -DFLOCK -g -Wall -Wextra -Wno-implicit-fallthrough -Wsign-conversion -Wmissing-prototypes  -I. -I../ff3/ -I../include/  -c lalins.c ; mv lalins.o o/
gcc -std=c99 -g  -DUNIXV7  -DASCIIKEYINFO -DFSYNCKEYS -DBSD -DHOSTTMPNAMES -DSAVETMPFILES -DTERMCAP -DLINUX -D_BSD_SOURCE -D_DEFAULT_SOURCE -DTERMSIM -DGCC -DFILELOCKING -DFLOCK -g -Wall -Wextra -Wno-implicit-fallthrough -Wsign-conversion -Wmissing-prototypes  -I. -I../ff3/ -I../include/  -c labreak.c ; mv labreak.o o/
gcc -std=c99 -g  -DUNIXV7  -DASCIIKEYINFO -DFSYNCKEYS -DBSD -DHOSTTMPNAMES -DSAVETMPFILES -DTERMCAP -DLINUX -D_BSD_SOURCE -D_DEFAULT_SOURCE -DTERMSIM -DGCC -DFILELOCKING -DFLOCK -g -Wall -Wextra -Wno-implicit-fallthrough -Wsign-conversion -Wmissing-prototypes  -I. -I../ff3/ -I../include/  -c laclose.c ; mv laclose.o o/
gcc -std=c99 -g  -DUNIXV7  -DASCIIKEYINFO -DFSYNCKEYS -DBSD -DHOSTTMPNAMES -DSAVETMPFILES -DTERMCAP -DLINUX -D_BSD_SOURCE -D_DEFAULT_SOURCE -DTERMSIM -DGCC -DFILELOCKING -DFLOCK -g -Wall -Wextra -Wno-implicit-fallthrough -Wsign-conversion -Wmissing-prototypes  -I. -I../ff3/ -I../include/  -c lalink.c ; mv lalink.o o/
gcc -std=c99 -g  -DUNIXV7  -DASCIIKEYINFO -DFSYNCKEYS -DBSD -DHOSTTMPNAMES -DSAVETMPFILES -DTERMCAP -DLINUX -D_BSD_SOURCE -D_DEFAULT_SOURCE -DTERMSIM -DGCC -DFILELOCKING -DFLOCK -g -Wall -Wextra -Wno-implicit-fallthrough -Wsign-conversion -Wmissing-prototypes  -I. -I../ff3/ -I../include/  -c lalrsize.c ; mv lalrsize.o o/
gcc -std=c99 -g  -DUNIXV7  -DASCIIKEYINFO -DFSYNCKEYS -DBSD -DHOSTTMPNAMES -DSAVETMPFILES -DTERMCAP -DLINUX -D_BSD_SOURCE -D_DEFAULT_SOURCE -DTERMSIM -DGCC -DFILELOCKING -DFLOCK -g -Wall -Wextra -Wno-implicit-fallthrough -Wsign-conversion -Wmissing-prototypes  -I. -I../ff3/ -I../include/  -c lalseek.c ; mv lalseek.o o/
gcc -std=c99 -g  -DUNIXV7  -DASCIIKEYINFO -DFSYNCKEYS -DBSD -DHOSTTMPNAMES -DSAVETMPFILES -DTERMCAP -DLINUX -D_BSD_SOURCE -D_DEFAULT_SOURCE -DTERMSIM -DGCC -DFILELOCKING -DFLOCK -g -Wall -Wextra -Wno-implicit-fallthrough -Wsign-conversion -Wmissing-prototypes  -I. -I../ff3/ -I../include/  -c lalwsize.c ; mv lalwsize.o o/
gcc -std=c99 -g  -DUNIXV7  -DASCIIKEYINFO -DFSYNCKEYS -DBSD -DHOSTTMPNAMES -DSAVETMPFILES -DTERMCAP -DLINUX -D_BSD_SOURCE -D_DEFAULT_SOURCE -DTERMSIM -DGCC -DFILELOCKING -DFLOCK -g -Wall -Wextra -Wno-implicit-fallthrough -Wsign-conversion -Wmissing-prototypes  -I. -I../ff3/ -I../include/  -c lacfile.c ; mv lacfile.o o/
gcc -std=c99 -g  -DUNIXV7  -DASCIIKEYINFO -DFSYNCKEYS -DBSD -DHOSTTMPNAMES -DSAVETMPFILES -DTERMCAP -DLINUX -D_BSD_SOURCE -D_DEFAULT_SOURCE -DTERMSIM -DGCC -DFILELOCKING -DFLOCK -g -Wall -Wextra -Wno-implicit-fallthrough -Wsign-conversion -Wmissing-prototypes  -I. -I../ff3/ -I../include/  -c laint.c ; mv laint.o o/
gcc -std=c99 -g  -DUNIXV7  -DASCIIKEYINFO -DFSYNCKEYS -DBSD -DHOSTTMPNAMES -DSAVETMPFILES -DTERMCAP -DLINUX -D_BSD_SOURCE -D_DEFAULT_SOURCE -DTERMSIM -DGCC -DFILELOCKING -DFLOCK -g -Wall -Wextra -Wno-implicit-fallthrough -Wsign-conversion -Wmissing-prototypes  -I. -I../ff3/ -I../include/  -c laother.c ; mv laother.o o/
gcc -std=c99 -g  -DUNIXV7  -DASCIIKEYINFO -DFSYNCKEYS -DBSD -DHOSTTMPNAMES -DSAVETMPFILES -DTERMCAP -DLINUX -D_BSD_SOURCE -D_DEFAULT_SOURCE -DTERMSIM -DGCC -DFILELOCKING -DFLOCK -g -Wall -Wextra -Wno-implicit-fallthrough -Wsign-conversion -Wmissing-prototypes  -I. -I../ff3/ -I../include/  -c laabort.c ; mv laabort.o o/
ar r libla.a o/laopen.o o/laalign.o o/lablank.o o/labsize.o o/laclseek.o o/ladeb.o o/laerr.o o/lafrpl.o o/lalcnt.o o/lalcopy.o o/lalflush.o o/lalget.o o/lalpnt.o o/lalrpl.o o/laldel.o o/lalcol.o o/lalins.o o/labreak.o o/laclose.o o/lalink.o o/lalrsize.o o/lalseek.o o/lalwsize.o o/lacfile.o o/laint.o o/laother.o o/laabort.o
ranlib libla.a
cd e20; make E_TCLIB=-lncurses \
		LOCALINCL="../include/" \
		CC="gcc -std=c99" \
		CFLAGS="-DUNIXV7  -DASCIIKEYINFO -DFSYNCKEYS -DBSD -DHOSTTMPNAMES -DSAVETMPFILES -DTERMCAP -DLINUX -D_BSD_SOURCE -D_DEFAULT_SOURCE -DTERMSIM -DGCC -DFILELOCKING -DFLOCK -g -Wall -Wextra -Wno-implicit-fallthrough -Wsign-conversion -Wmissing-prototypes " \
		LDFLAGS="-g" \
		ETC_D="/usr/local/lib/e" \
		NEWVERSION="vers.sh" \
		le
/bin/bash vers.sh
gcc -std=c99 -DUNIXV7  -DASCIIKEYINFO -DFSYNCKEYS -DBSD -DHOSTTMPNAMES -DSAVETMPFILES -DTERMCAP -DLINUX -D_BSD_SOURCE -D_DEFAULT_SOURCE -DTERMSIM -DGCC -DFILELOCKING -DFLOCK -g -Wall -Wextra -Wno-implicit-fallthrough -Wsign-conversion -Wmissing-prototypes  -I. -I../la1/ -I../ff3/ -I"../include/" -c e.r.c
mv e.r.o o/e.r.o
gcc -std=c99 -DUNIXV7  -DASCIIKEYINFO -DFSYNCKEYS -DBSD -DHOSTTMPNAMES -DSAVETMPFILES -DTERMCAP -DLINUX -D_BSD_SOURCE -D_DEFAULT_SOURCE -DTERMSIM -DGCC -DFILELOCKING -DFLOCK -g -Wall -Wextra -Wno-implicit-fallthrough -Wsign-conversion -Wmissing-prototypes  -I. -I../la1/ -I../ff3/ -I"../include/" -DETC=\"/usr/local/lib/e\" -c e.c
mv e.o   o/e.o
gcc -std=c99 -DUNIXV7  -DASCIIKEYINFO -DFSYNCKEYS -DBSD -DHOSTTMPNAMES -DSAVETMPFILES -DTERMCAP -DLINUX -D_BSD_SOURCE -D_DEFAULT_SOURCE -DTERMSIM -DGCC -DFILELOCKING -DFLOCK -g -Wall -Wextra -Wno-implicit-fallthrough -Wsign-conversion -Wmissing-prototypes  -I. -I../la1/ -I../ff3/ -I"../include/" -c e.cm.c
mv e.cm.o o/e.cm.o
gcc -std=c99 -DUNIXV7  -DASCIIKEYINFO -DFSYNCKEYS -DBSD -DHOSTTMPNAMES -DSAVETMPFILES -DTERMCAP -DLINUX -D_BSD_SOURCE -D_DEFAULT_SOURCE -DTERMSIM -DGCC -DFILELOCKING -DFLOCK -g -Wall -Wextra -Wno-implicit-fallthrough -Wsign-conversion -Wmissing-prototypes  -I. -I../la1/ -I../ff3/ -I"../include/" -c e.d.c
mv e.d.o o/e.d.o
gcc -std=c99 -DUNIXV7  -DASCIIKEYINFO -DFSYNCKEYS -DBSD -DHOSTTMPNAMES -DSAVETMPFILES -DTERMCAP -DLINUX -D_BSD_SOURCE -D_DEFAULT_SOURCE -DTERMSIM -DGCC -DFILELOCKING -DFLOCK -g -Wall -Wextra -Wno-implicit-fallthrough -Wsign-conversion -Wmissing-prototypes  -I. -I../la1/ -I../ff3/ -I"../include/" -c e.dif.c
mv e.dif.o o/e.dif.o
gcc -std=c99 -DUNIXV7  -DASCIIKEYINFO -DFSYNCKEYS -DBSD -DHOSTTMPNAMES -DSAVETMPFILES -DTERMCAP -DLINUX -D_BSD_SOURCE -D_DEFAULT_SOURCE -DTERMSIM -DGCC -DFILELOCKING -DFLOCK -g -Wall -Wextra -Wno-implicit-fallthrough -Wsign-conversion -Wmissing-prototypes  -I. -I../la1/ -I../ff3/ -I"../include/" -c e.e.c
mv e.e.o o/e.e.o
gcc -std=c99 -DUNIXV7  -DASCIIKEYINFO -DFSYNCKEYS -DBSD -DHOSTTMPNAMES -DSAVETMPFILES -DTERMCAP -DLINUX -D_BSD_SOURCE -D_DEFAULT_SOURCE -DTERMSIM -DGCC -DFILELOCKING -DFLOCK -g -Wall -Wextra -Wno-implicit-fallthrough -Wsign-conversion -Wmissing-prototypes  -I. -I../la1/ -I../ff3/ -I"../include/" -c e.f.c
mv e.f.o o/e.f.o
gcc -std=c99 -DUNIXV7  -DASCIIKEYINFO -DFSYNCKEYS -DBSD -DHOSTTMPNAMES -DSAVETMPFILES -DTERMCAP -DLINUX -D_BSD_SOURCE -D_DEFAULT_SOURCE -DTERMSIM -DGCC -DFILELOCKING -DFLOCK -g -Wall -Wextra -Wno-implicit-fallthrough -Wsign-conversion -Wmissing-prototypes  -I. -I../la1/ -I../ff3/ -I"../include/" -c e.fi.c
mv e.fi.o o/e.fi.o
gcc -std=c99 -DUNIXV7  -DASCIIKEYINFO -DFSYNCKEYS -DBSD -DHOSTTMPNAMES -DSAVETMPFILES -DTERMCAP -DLINUX -D_BSD_SOURCE -D_DEFAULT_SOURCE -DTERMSIM -DGCC -DFILELOCKING -DFLOCK -g -Wall -Wextra -Wno-implicit-fallthrough -Wsign-conversion -Wmissing-prototypes  -I. -I../la1/ -I../ff3/ -I"../include/" -c e.h.c
mv e.h.o o/e.h.o
gcc -std=c99 -DUNIXV7  -DASCIIKEYINFO -DFSYNCKEYS -DBSD -DHOSTTMPNAMES -DSAVETMPFILES -DTERMCAP -DLINUX -D_BSD_SOURCE -D_DEFAULT_SOURCE -DTERMSIM -DGCC -DFILELOCKING -DFLOCK -g -Wall -Wextra -Wno-implicit-fallthrough -Wsign-conversion -Wmissing-prototypes  -I. -I../la1/ -I../ff3/ -I"../include/" -c e.iit.c
mv e.iit.o o/e.iit.o
gcc -std=c99 -DUNIXV7  -DASCIIKEYINFO -DFSYNCKEYS -DBSD -DHOSTTMPNAMES -DSAVETMPFILES -DTERMCAP -DLINUX -D_BSD_SOURCE -D_DEFAULT_SOURCE -DTERMSIM -DGCC -DFILELOCKING -DFLOCK -g -Wall -Wextra -Wno-implicit-fallthrough -Wsign-conversion -Wmissing-prototypes  -I. -I../la1/ -I../ff3/ -I"../include/" -c e.it.c
mv e.it.o o/e.it.o
gcc -std=c99 -DUNIXV7  -DASCIIKEYINFO -DFSYNCKEYS -DBSD -DHOSTTMPNAMES -DSAVETMPFILES -DTERMCAP -DLINUX -D_BSD_SOURCE -D_DEFAULT_SOURCE -DTERMSIM -DGCC -DFILELOCKING -DFLOCK -g -Wall -Wextra -Wno-implicit-fallthrough -Wsign-conversion -Wmissing-prototypes  -I. -I../la1/ -I../ff3/ -I"../include/" -c e.la.c
mv e.la.o o/e.la.o
gcc -std=c99 -DUNIXV7  -DASCIIKEYINFO -DFSYNCKEYS -DBSD -DHOSTTMPNAMES -DSAVETMPFILES -DTERMCAP -DLINUX -D_BSD_SOURCE -D_DEFAULT_SOURCE -DTERMSIM -DGCC -DFILELOCKING -DFLOCK -g -Wall -Wextra -Wno-implicit-fallthrough -Wsign-conversion -Wmissing-prototypes  -I. -I../la1/ -I../ff3/ -I"../include/" -c e.m.c
mv e.m.o o/e.m.o
gcc -std=c99 -DUNIXV7  -DASCIIKEYINFO -DFSYNCKEYS -DBSD -DHOSTTMPNAMES -DSAVETMPFILES -DTERMCAP -DLINUX -D_BSD_SOURCE -D_DEFAULT_SOURCE -DTERMSIM -DGCC -DFILELOCKING -DFLOCK -g -Wall -Wextra -Wno-implicit-fallthrough -Wsign-conversion -Wmissing-prototypes  -I. -I../la1/ -I../ff3/ -I"../include/" -c e.main.c
mv e.main.o o/e.main.o
gcc -std=c99 -DUNIXV7  -DASCIIKEYINFO -DFSYNCKEYS -DBSD -DHOSTTMPNAMES -DSAVETMPFILES -DTERMCAP -DLINUX -D_BSD_SOURCE -D_DEFAULT_SOURCE -DTERMSIM -DGCC -DFILELOCKING -DFLOCK -g -Wall -Wextra -Wno-implicit-fallthrough -Wsign-conversion -Wmissing-prototypes  -I. -I../la1/ -I../ff3/ -I"../include/" -c e.mk.c
mv e.mk.o o/e.mk.o
gcc -std=c99 -DUNIXV7  -DASCIIKEYINFO -DFSYNCKEYS -DBSD -DHOSTTMPNAMES -DSAVETMPFILES -DTERMCAP -DLINUX -D_BSD_SOURCE -D_DEFAULT_SOURCE -DTERMSIM -DGCC -DFILELOCKING -DFLOCK -g -Wall -Wextra -Wno-implicit-fallthrough -Wsign-conversion -Wmissing-prototypes  -I. -I../la1/ -I../ff3/ -I"../include/" -c e.nm.c
mv e.nm.o o/e.nm.o
gcc -std=c99 -DUNIXV7  -DASCIIKEYINFO -DFSYNCKEYS -DBSD -DHOSTTMPNAMES -DSAVETMPFILES -DTERMCAP -DLINUX -D_BSD_SOURCE -D_DEFAULT_SOURCE -DTERMSIM -DGCC -DFILELOCKING -DFLOCK -g -Wall -Wextra -Wno-implicit-fallthrough -Wsign-conversion -Wmissing-prototypes  -I. -I../la1/ -I../ff3/ -I"../include/" -c e.p.c
mv e.p.o o/e.p.o
gcc -std=c99 -DUNIXV7  -DASCIIKEYINFO -DFSYNCKEYS -DBSD -DHOSTTMPNAMES -DSAVETMPFILES -DTERMCAP -DLINUX -D_BSD_SOURCE -D_DEFAULT_SOURCE -DTERMSIM -DGCC -DFILELOCKING -DFLOCK -g -Wall -Wextra -Wno-implicit-fallthrough -Wsign-conversion -Wmissing-prototypes  -I. -I../la1/ -I../ff3/ -I"../include/" -c e.pa.c
mv e.pa.o o/e.pa.o
gcc -std=c99 -DUNIXV7  -DASCIIKEYINFO -DFSYNCKEYS -DBSD -DHOSTTMPNAMES -DSAVETMPFILES -DTERMCAP -DLINUX -D_BSD_SOURCE -D_DEFAULT_SOURCE -DTERMSIM -DGCC -DFILELOCKING -DFLOCK -g -Wall -Wextra -Wno-implicit-fallthrough -Wsign-conversion -Wmissing-prototypes  -I. -I../la1/ -I../ff3/ -I"../include/" -c e.profile.c
mv e.profile.o o/e.profile.o
gcc -std=c99 -DUNIXV7  -DASCIIKEYINFO -DFSYNCKEYS -DBSD -DHOSTTMPNAMES -DSAVETMPFILES -DTERMCAP -DLINUX -D_BSD_SOURCE -D_DEFAULT_SOURCE -DTERMSIM -DGCC -DFILELOCKING -DFLOCK -g -Wall -Wextra -Wno-implicit-fallthrough -Wsign-conversion -Wmissing-prototypes  -I. -I../la1/ -I../ff3/ -I"../include/" -c e.put.c
mv e.put.o o/e.put.o
gcc -std=c99 -DUNIXV7  -DASCIIKEYINFO -DFSYNCKEYS -DBSD -DHOSTTMPNAMES -DSAVETMPFILES -DTERMCAP -DLINUX -D_BSD_SOURCE -D_DEFAULT_SOURCE -DTERMSIM -DGCC -DFILELOCKING -DFLOCK -g -Wall -Wextra -Wno-implicit-fallthrough -Wsign-conversion -Wmissing-prototypes  -I. -I../la1/ -I../ff3/ -I"../include/" -c e.q.c
mv e.q.o o/e.q.o
gcc -std=c99 -DUNIXV7  -DASCIIKEYINFO -DFSYNCKEYS -DBSD -DHOSTTMPNAMES -DSAVETMPFILES -DTERMCAP -DLINUX -D_BSD_SOURCE -D_DEFAULT_SOURCE -DTERMSIM -DGCC -DFILELOCKING -DFLOCK -g -Wall -Wextra -Wno-implicit-fallthrough -Wsign-conversion -Wmissing-prototypes  -I. -I../la1/ -I../ff3/ -I"../include/" -c e.ra.c
mv e.ra.o o/e.ra.o
gcc -std=c99 -DUNIXV7  -DASCIIKEYINFO -DFSYNCKEYS -DBSD -DHOSTTMPNAMES -DSAVETMPFILES -DTERMCAP -DLINUX -D_BSD_SOURCE -D_DEFAULT_SOURCE -DTERMSIM -DGCC -DFILELOCKING -DFLOCK -g -Wall -Wextra -Wno-implicit-fallthrough -Wsign-conversion -Wmissing-prototypes  -I. -I../la1/ -I../ff3/ -I"../include/" -c e.re.c
mv e.re.o o/e.re.o
gcc -std=c99 -DUNIXV7  -DASCIIKEYINFO -DFSYNCKEYS -DBSD -DHOSTTMPNAMES -DSAVETMPFILES -DTERMCAP -DLINUX -D_BSD_SOURCE -D_DEFAULT_SOURCE -DTERMSIM -DGCC -DFILELOCKING -DFLOCK -g -Wall -Wextra -Wno-implicit-fallthrough -Wsign-conversion -Wmissing-prototypes  -I. -I../la1/ -I../ff3/ -I"../include/" -c e.record.c
mv e.record.o o/e.record.o
gcc -std=c99 -DUNIXV7  -DASCIIKEYINFO -DFSYNCKEYS -DBSD -DHOSTTMPNAMES -DSAVETMPFILES -DTERMCAP -DLINUX -D_BSD_SOURCE -D_DEFAULT_SOURCE -DTERMSIM -DGCC -DFILELOCKING -DFLOCK -g -Wall -Wextra -Wno-implicit-fallthrough -Wsign-conversion -Wmissing-prototypes  -I. -I../la1/ -I../ff3/ -I"../include/" -c e.ru.c
mv e.ru.o o/e.ru.o
gcc -std=c99 -DUNIXV7  -DASCIIKEYINFO -DFSYNCKEYS -DBSD -DHOSTTMPNAMES -DSAVETMPFILES -DTERMCAP -DLINUX -D_BSD_SOURCE -D_DEFAULT_SOURCE -DTERMSIM -DGCC -DFILELOCKING -DFLOCK -g -Wall -Wextra -Wno-implicit-fallthrough -Wsign-conversion -Wmissing-prototypes  -I. -I../la1/ -I../ff3/ -I"../include/" -c e.sb.c
mv e.sb.o o/e.sb.o
gcc -std=c99 -DUNIXV7  -DASCIIKEYINFO -DFSYNCKEYS -DBSD -DHOSTTMPNAMES -DSAVETMPFILES -DTERMCAP -DLINUX -D_BSD_SOURCE -D_DEFAULT_SOURCE -DTERMSIM -DGCC -DFILELOCKING -DFLOCK -g -Wall -Wextra -Wno-implicit-fallthrough -Wsign-conversion -Wmissing-prototypes  -I. -I../la1/ -I../ff3/ -I"../include/" -c e.se.c
mv e.se.o o/e.se.o
gcc -std=c99 -DUNIXV7  -DASCIIKEYINFO -DFSYNCKEYS -DBSD -DHOSTTMPNAMES -DSAVETMPFILES -DTERMCAP -DLINUX -D_BSD_SOURCE -D_DEFAULT_SOURCE -DTERMSIM -DGCC -DFILELOCKING -DFLOCK -g -Wall -Wextra -Wno-implicit-fallthrough -Wsign-conversion -Wmissing-prototypes  -I. -I../la1/ -I../ff3/ -I"../include/" -c e.sv.c
mv e.sv.o o/e.sv.o
gcc -std=c99 -DUNIXV7  -DASCIIKEYINFO -DFSYNCKEYS -DBSD -DHOSTTMPNAMES -DSAVETMPFILES -DTERMCAP -DLINUX -D_BSD_SOURCE -D_DEFAULT_SOURCE -DTERMSIM -DGCC -DFILELOCKING -DFLOCK -g -Wall -Wextra -Wno-implicit-fallthrough -Wsign-conversion -Wmissing-prototypes  -I. -I../la1/ -I../ff3/ -I"../include/" -c e.t.c
mv e.t.o o/e.t.o
gcc -std=c99 -DUNIXV7  -DASCIIKEYINFO -DFSYNCKEYS -DBSD -DHOSTTMPNAMES -DSAVETMPFILES -DTERMCAP -DLINUX -D_BSD_SOURCE -D_DEFAULT_SOURCE -DTERMSIM -DGCC -DFILELOCKING -DFLOCK -g -Wall -Wextra -Wno-implicit-fallthrough -Wsign-conversion -Wmissing-prototypes  -I. -I../la1/ -I../ff3/ -I"../include/" -c e.tb.c
mv e.tb.o o/e.tb.o
gcc -std=c99 -DUNIXV7  -DASCIIKEYINFO -DFSYNCKEYS -DBSD -DHOSTTMPNAMES -DSAVETMPFILES -DTERMCAP -DLINUX -D_BSD_SOURCE -D_DEFAULT_SOURCE -DTERMSIM -DGCC -DFILELOCKING -DFLOCK -g -Wall -Wextra -Wno-implicit-fallthrough -Wsign-conversion -Wmissing-prototypes  -I. -I../la1/ -I../ff3/ -I"../include/"  -c e.tt.c
mv e.tt.o o/e.tt.o
gcc -std=c99 -DUNIXV7  -DASCIIKEYINFO -DFSYNCKEYS -DBSD -DHOSTTMPNAMES -DSAVETMPFILES -DTERMCAP -DLINUX -D_BSD_SOURCE -D_DEFAULT_SOURCE -DTERMSIM -DGCC -DFILELOCKING -DFLOCK -g -Wall -Wextra -Wno-implicit-fallthrough -Wsign-conversion -Wmissing-prototypes  -I. -I../la1/ -I../ff3/ -I"../include/" -c e.u.c
mv e.u.o o/e.u.o
gcc -std=c99 -DUNIXV7  -DASCIIKEYINFO -DFSYNCKEYS -DBSD -DHOSTTMPNAMES -DSAVETMPFILES -DTERMCAP -DLINUX -D_BSD_SOURCE -D_DEFAULT_SOURCE -DTERMSIM -DGCC -DFILELOCKING -DFLOCK -g -Wall -Wextra -Wno-implicit-fallthrough -Wsign-conversion -Wmissing-prototypes  -I. -I../la1/ -I../ff3/ -I"../include/" -c e.wi.c
mv e.wi.o o/e.wi.o
gcc -std=c99 -DUNIXV7  -DASCIIKEYINFO -DFSYNCKEYS -DBSD -DHOSTTMPNAMES -DSAVETMPFILES -DTERMCAP -DLINUX -D_BSD_SOURCE -D_DEFAULT_SOURCE -DTERMSIM -DGCC -DFILELOCKING -DFLOCK -g -Wall -Wextra -Wno-implicit-fallthrough -Wsign-conversion -Wmissing-prototypes  -I. -I../la1/ -I../ff3/ -I"../include/" -c e.wk.c
mv e.wk.o o/e.wk.o
gcc -std=c99 -DUNIXV7  -DASCIIKEYINFO -DFSYNCKEYS -DBSD -DHOSTTMPNAMES -DSAVETMPFILES -DTERMCAP -DLINUX -D_BSD_SOURCE -D_DEFAULT_SOURCE -DTERMSIM -DGCC -DFILELOCKING -DFLOCK -g -Wall -Wextra -Wno-implicit-fallthrough -Wsign-conversion -Wmissing-prototypes  -I. -I../la1/ -I../ff3/ -I"../include/" -c e.x.c
mv e.x.o o/e.x.o
gcc -std=c99 -DUNIXV7  -DASCIIKEYINFO -DFSYNCKEYS -DBSD -DHOSTTMPNAMES -DSAVETMPFILES -DTERMCAP -DLINUX -D_BSD_SOURCE -D_DEFAULT_SOURCE -DTERMSIM -DGCC -DFILELOCKING -DFLOCK -g -Wall -Wextra -Wno-implicit-fallthrough -Wsign-conversion -Wmissing-prototypes  -I. -I../la1/ -I../ff3/ -I"../include/" -c e.mouse.c
mv e.mouse.o o/e.mouse.o
gcc -std=c99 -DUNIXV7  -DASCIIKEYINFO -DFSYNCKEYS -DBSD -DHOSTTMPNAMES -DSAVETMPFILES -DTERMCAP -DLINUX -D_BSD_SOURCE -D_DEFAULT_SOURCE -DTERMSIM -DGCC -DFILELOCKING -DFLOCK -g -Wall -Wextra -Wno-implicit-fallthrough -Wsign-conversion -Wmissing-prototypes  -g \
	   o/e.main.o o/e.o o/e.pa.o o/e.iit.o o/e.q.o \
	   o/e.tb.o o/e.put.o o/e.nm.o o/e.sv.o \
	   o/e.wi.o o/e.wk.o ../la1/o/lalflush.o o/e.u.o \
	   o/e.f.o o/e.fi.o ../la1/o/laopen.o o/e.dif.o \
	   o/e.h.o o/e.se.o o/e.e.o o/e.mk.o \
	   o/e.ra.o o/e.re.o o/e.record.o o/e.t.o \
	   o/e.ru.o o/e.cm.o o/e.d.o o/e.it.o \
	   o/e.la.o o/e.m.o o/e.p.o o/e.r.o o/e.sb.o \
	   o/e.tt.o o/e.x.o o/e.profile.o o/e.mouse.o \
	../la1/libla.a \
	../ff3/libff.a \
	../lib/libtmp.a \
	-lncurses \
	 \
	
mv le le.old
mv a.out le
